<?xml version="1.0" encoding="UTF-8"?>
<testsuite name="com.example.obdapp.ui.feature.connection.ConnectionViewModelTest" tests="5" skipped="0" failures="0" errors="0" timestamp="2026-02-25T15:12:57" hostname="enterprise" time="1.261">
  <properties/>
  <testcase name="loadPairedDevices updates device list" classname="com.example.obdapp.ui.feature.connection.ConnectionViewModelTest" time="1.209"/>
  <testcase name="connect with selected device calls connect use case" classname="com.example.obdapp.ui.feature.connection.ConnectionViewModelTest" time="0.042"/>
  <testcase name="clearError clears error state" classname="com.example.obdapp.ui.feature.connection.ConnectionViewModelTest" time="0.002"/>
  <testcase name="selectDevice updates selected device" classname="com.example.obdapp.ui.feature.connection.ConnectionViewModelTest" time="0.002"/>
  <testcase name="connect failure updates error state" classname="com.example.obdapp.ui.feature.connection.ConnectionViewModelTest" time="0.005"/>
  <system-out><![CDATA[]]></system-out>
  <system-err><![CDATA[WARNING: A Java agent has been loaded dynamically (/Users/eltonviana/.gradle/caches/modules-2/files-2.1/net.bytebuddy/byte-buddy-agent/1.14.6/46e2545d7a97b6ccb195621650c5957279eb4812/byte-buddy-agent-1.14.6.jar)
WARNING: If a serviceability tool is in use, please run with -XX:+EnableDynamicAgentLoading to hide this warning
WARNING: If a serviceability tool is not in use, please run with -Djdk.instrument.traceUsage for more information
WARNING: Dynamic loading of agents will be disallowed by default in a future release
]]></system-err>
</testsuite>
