<?xml version="1.0" encoding="UTF-8"?>
<testsuite name="com.example.obdapp.domain.usecase.ReadDiagnosticsUseCaseTest" tests="2" skipped="0" failures="0" errors="0" timestamp="2026-02-25T15:13:00" hostname="enterprise" time="0.006">
  <properties/>
  <testcase name="invoke returns diagnostic info on success" classname="com.example.obdapp.domain.usecase.ReadDiagnosticsUseCaseTest" time="0.004"/>
  <testcase name="invoke returns failure when repository fails" classname="com.example.obdapp.domain.usecase.ReadDiagnosticsUseCaseTest" time="0.002"/>
  <system-out><![CDATA[]]></system-out>
  <system-err><![CDATA[]]></system-err>
</testsuite>
