<?xml version="1.0" encoding="UTF-8"?>
<testsuite name="com.example.obdapp.domain.usecase.ConnectDeviceUseCaseTest" tests="2" skipped="0" failures="0" errors="0" timestamp="2026-02-25T15:12:59" hostname="enterprise" time="0.944">
  <properties/>
  <testcase name="invoke calls repository connect" classname="com.example.obdapp.domain.usecase.ConnectDeviceUseCaseTest" time="0.939"/>
  <testcase name="invoke returns failure when repository fails" classname="com.example.obdapp.domain.usecase.ConnectDeviceUseCaseTest" time="0.004"/>
  <system-out><![CDATA[]]></system-out>
  <system-err><![CDATA[WARNING: A Java agent has been loaded dynamically (/Users/eltonviana/.gradle/caches/modules-2/files-2.1/net.bytebuddy/byte-buddy-agent/1.14.6/46e2545d7a97b6ccb195621650c5957279eb4812/byte-buddy-agent-1.14.6.jar)
WARNING: If a serviceability tool is in use, please run with -XX:+EnableDynamicAgentLoading to hide this warning
WARNING: If a serviceability tool is not in use, please run with -Djdk.instrument.traceUsage for more information
WARNING: Dynamic loading of agents will be disallowed by default in a future release
]]></system-err>
</testsuite>
