<?xml version="1.0" encoding="UTF-8"?>
<testsuite name="com.example.obdapp.ui.feature.connection.ConnectionViewModelTest" tests="5" skipped="0" failures="0" errors="0" timestamp="2026-02-25T15:13:00" hostname="enterprise" time="0.135">
  <properties/>
  <testcase name="loadPairedDevices updates device list" classname="com.example.obdapp.ui.feature.connection.ConnectionViewModelTest" time="0.119"/>
  <testcase name="connect with selected device calls connect use case" classname="com.example.obdapp.ui.feature.connection.ConnectionViewModelTest" time="0.008"/>
  <testcase name="clearError clears error state" classname="com.example.obdapp.ui.feature.connection.ConnectionViewModelTest" time="0.002"/>
  <testcase name="selectDevice updates selected device" classname="com.example.obdapp.ui.feature.connection.ConnectionViewModelTest" time="0.001"/>
  <testcase name="connect failure updates error state" classname="com.example.obdapp.ui.feature.connection.ConnectionViewModelTest" time="0.004"/>
  <system-out><![CDATA[]]></system-out>
  <system-err><![CDATA[]]></system-err>
</testsuite>
