<?xml version="1.0" encoding="UTF-8"?>
<testsuite name="com.example.obdapp.ui.feature.settings.SettingsViewModelTest" tests="5" skipped="0" failures="0" errors="0" timestamp="2026-02-25T15:13:00" hostname="enterprise" time="0.031">
  <properties/>
  <testcase name="available themes contains expected values" classname="com.example.obdapp.ui.feature.settings.SettingsViewModelTest" time="0.003"/>
  <testcase name="available intervals contains expected values" classname="com.example.obdapp.ui.feature.settings.SettingsViewModelTest" time="0.001"/>
  <testcase name="initial state has expected values" classname="com.example.obdapp.ui.feature.settings.SettingsViewModelTest" time="0.002"/>
  <testcase name="setTheme calls preferences manager" classname="com.example.obdapp.ui.feature.settings.SettingsViewModelTest" time="0.018"/>
  <testcase name="setPollingInterval calls preferences manager" classname="com.example.obdapp.ui.feature.settings.SettingsViewModelTest" time="0.007"/>
  <system-out><![CDATA[]]></system-out>
  <system-err><![CDATA[]]></system-err>
</testsuite>
