<?xml version="1.0" encoding="UTF-8"?>
<testsuite name="com.example.obdapp.domain.usecase.GetPairedDevicesUseCaseTest" tests="2" skipped="0" failures="0" errors="0" timestamp="2026-02-25T15:13:00" hostname="enterprise" time="0.137">
  <properties/>
  <testcase name="invoke returns empty list when no devices paired" classname="com.example.obdapp.domain.usecase.GetPairedDevicesUseCaseTest" time="0.133"/>
  <testcase name="invoke returns list of paired devices" classname="com.example.obdapp.domain.usecase.GetPairedDevicesUseCaseTest" time="0.004"/>
  <system-out><![CDATA[]]></system-out>
  <system-err><![CDATA[]]></system-err>
</testsuite>
